Using pre-set license
Built from '2020.3/staging' branch; Version is '2020.3.3f1 (76626098c1c4) revision 7758432'; Using compiler version '192528614'; Build Type 'Release'
OS: 'Windows 10 Home; OS build 19043.1165; Version 2009; 64bit' Language: 'en' Physical Memory: 7549 MB
BatchMode: 1, IsHumanControllingUs: 0, StartBugReporterOnCrash: 0, Is64bit: 1, IsPro: 0

 COMMAND LINE ARGUMENTS:
C:\Program Files\Unity\Hub\Editor\2020.3.3f1\Editor\Unity.exe
-adb2
-batchMode
-noUpm
-name
AssetImportWorker0
-projectPath
C:/Users/luket/Createwithcode/Unity/watch where you're going
-logFile
Logs/AssetImportWorker0.log
-srvPort
53788
Successfully changed project path to: C:/Users/luket/Createwithcode/Unity/watch where you're going
C:/Users/luket/Createwithcode/Unity/watch where you're going
Using Asset Import Pipeline V2.
Refreshing native plugins compatible for Editor in 23.50 ms, found 0 plugins.
Preloading 0 native plugins for Editor in 0.00 ms.
Initialize engine version: 2020.3.3f1 (76626098c1c4)
[Subsystems] Discovering subsystems at path C:/Program Files/Unity/Hub/Editor/2020.3.3f1/Editor/Data/Resources/UnitySubsystems
[Subsystems] Discovering subsystems at path C:/Users/luket/Createwithcode/Unity/watch where you're going/Assets
GfxDevice: creating device client; threaded=0
Direct3D:
    Version:  Direct3D 11.0 [level 11.1]
    Renderer: AMD Radeon(TM) Graphics (ID=0x1636)
    Vendor:   
    VRAM:     3774 MB
    Driver:   27.20.11028.10001
Initialize mono
Mono path[0] = 'C:/Program Files/Unity/Hub/Editor/2020.3.3f1/Editor/Data/Managed'
Mono path[1] = 'C:/Program Files/Unity/Hub/Editor/2020.3.3f1/Editor/Data/MonoBleedingEdge/lib/mono/unityjit'
Mono config path = 'C:/Program Files/Unity/Hub/Editor/2020.3.3f1/Editor/Data/MonoBleedingEdge/etc'
Using monoOptions --debugger-agent=transport=dt_socket,embedding=1,server=y,suspend=n,address=127.0.0.1:56548
Begin MonoManager ReloadAssembly
Registering precompiled unity dll's ...
Register platform support module: C:/Program Files/Unity/Hub/Editor/2020.3.3f1/Editor/Data/PlaybackEngines/WebGLSupport/UnityEditor.WebGL.Extensions.dll
Register platform support module: C:/Program Files/Unity/Hub/Editor/2020.3.3f1/Editor/Data/PlaybackEngines/WindowsStandaloneSupport/UnityEditor.WindowsStandalone.Extensions.dll
Registered in 0.002838 seconds.
Native extension for WindowsStandalone target not found
Native extension for WebGL target not found
Refreshing native plugins compatible for Editor in 24.77 ms, found 0 plugins.
Preloading 0 native plugins for Editor in 0.00 ms.
Invoked RoslynAnalysisRunner static constructor.
RoslynAnalysisRunner will not be running.
RoslynAnalysisRunner has terminated.
Mono: successfully reloaded assembly
- Completed reload, in  4.502 seconds
Platform modules already initialized, skipping
Registering precompiled user dll's ...
Registered in 0.000964 seconds.
Begin MonoManager ReloadAssembly
Native extension for WindowsStandalone target not found
Native extension for WebGL target not found
Refreshing native plugins compatible for Editor in 0.26 ms, found 0 plugins.
Preloading 0 native plugins for Editor in 0.00 ms.
Invoked RoslynAnalysisRunner static constructor.
RoslynAnalysisRunner will not be running.
RoslynAnalysisRunner has terminated.
Mono: successfully reloaded assembly
- Completed reload, in  0.830 seconds
Platform modules already initialized, skipping
========================================================================
Worker process is ready to serve import requests
Launched and connected shader compiler UnityShaderCompiler.exe after 0.06 seconds
Refreshing native plugins compatible for Editor in 0.24 ms, found 0 plugins.
Preloading 0 native plugins for Editor in 0.00 ms.
Unloading 1119 Unused Serialized files (Serialized files now loaded: 0)
System memory in use before: 58.0 MB.
System memory in use after: 58.0 MB.

Unloading 10 unused Assets to reduce memory usage. Loaded Objects now: 1566.
Total: 2.725100 ms (FindLiveObjects: 0.455600 ms CreateObjectMapping: 0.199300 ms MarkObjects: 1.903100 ms  DeleteObjects: 0.164200 ms)

========================================================================
Received Import Request.
  path: Assets/Scripts/PlayerController.cs
  artifactKey: Guid(8f2f71319d625e04896307b68741a80e) Importer(815301076,1909f56bfc062723c751e8b465ee728b)
Start importing Assets/Scripts/PlayerController.cs using Guid(8f2f71319d625e04896307b68741a80e) Importer(815301076,1909f56bfc062723c751e8b465ee728b)  -> (artifact id: '8c2714146cbb38ba3a82014f756cbfc7') in 0.031597 seconds
  Import took 0.034635 seconds .

========================================================================
Received Prepare
Registering precompiled user dll's ...
Registered in 0.000867 seconds.
Begin MonoManager ReloadAssembly
Native extension for WindowsStandalone target not found
Native extension for WebGL target not found
Refreshing native plugins compatible for Editor in 0.25 ms, found 0 plugins.
Preloading 0 native plugins for Editor in 0.00 ms.
Invoked RoslynAnalysisRunner static constructor.
RoslynAnalysisRunner will not be running.
RoslynAnalysisRunner has terminated.
Mono: successfully reloaded assembly
- Completed reload, in  0.756 seconds
Platform modules already initialized, skipping
Refreshing native plugins compatible for Editor in 0.25 ms, found 0 plugins.
Preloading 0 native plugins for Editor in 0.00 ms.
Unloading 1114 Unused Serialized files (Serialized files now loaded: 0)
System memory in use before: 57.9 MB.
System memory in use after: 58.0 MB.

Unloading 5 unused Assets to reduce memory usage. Loaded Objects now: 1569.
Total: 2.562700 ms (FindLiveObjects: 0.269900 ms CreateObjectMapping: 0.076500 ms MarkObjects: 2.131000 ms  DeleteObjects: 0.082500 ms)

========================================================================
Received Import Request.
  Time since last request: 470.986406 seconds.
  path: Assets/Scripts/PlayerController.cs
  artifactKey: Guid(8f2f71319d625e04896307b68741a80e) Importer(815301076,1909f56bfc062723c751e8b465ee728b)
Start importing Assets/Scripts/PlayerController.cs using Guid(8f2f71319d625e04896307b68741a80e) Importer(815301076,1909f56bfc062723c751e8b465ee728b)  -> (artifact id: 'f051184cd71cc99aba380e3528fc59a5') in 0.007483 seconds
  Import took 0.010418 seconds .

========================================================================
Received Prepare
Registering precompiled user dll's ...
Registered in 0.001028 seconds.
Begin MonoManager ReloadAssembly
Native extension for WindowsStandalone target not found
Native extension for WebGL target not found
Refreshing native plugins compatible for Editor in 0.25 ms, found 0 plugins.
Preloading 0 native plugins for Editor in 0.00 ms.
Invoked RoslynAnalysisRunner static constructor.
RoslynAnalysisRunner will not be running.
RoslynAnalysisRunner has terminated.
Mono: successfully reloaded assembly
- Completed reload, in  0.760 seconds
Platform modules already initialized, skipping
Refreshing native plugins compatible for Editor in 0.25 ms, found 0 plugins.
Preloading 0 native plugins for Editor in 0.00 ms.
Unloading 1114 Unused Serialized files (Serialized files now loaded: 0)
System memory in use before: 57.9 MB.
System memory in use after: 58.0 MB.

Unloading 5 unused Assets to reduce memory usage. Loaded Objects now: 1572.
Total: 2.368300 ms (FindLiveObjects: 0.213700 ms CreateObjectMapping: 0.051400 ms MarkObjects: 2.025000 ms  DeleteObjects: 0.076200 ms)

========================================================================
Received Prepare
Registering precompiled user dll's ...
Registered in 0.001218 seconds.
Begin MonoManager ReloadAssembly
Native extension for WindowsStandalone target not found
Native extension for WebGL target not found
Refreshing native plugins compatible for Editor in 0.25 ms, found 0 plugins.
Preloading 0 native plugins for Editor in 0.00 ms.
Invoked RoslynAnalysisRunner static constructor.
RoslynAnalysisRunner will not be running.
RoslynAnalysisRunner has terminated.
Mono: successfully reloaded assembly
- Completed reload, in  0.765 seconds
Platform modules already initialized, skipping
Refreshing native plugins compatible for Editor in 0.28 ms, found 0 plugins.
Preloading 0 native plugins for Editor in 0.00 ms.
Unloading 1114 Unused Serialized files (Serialized files now loaded: 0)
System memory in use before: 58.0 MB.
System memory in use after: 58.0 MB.

Unloading 5 unused Assets to reduce memory usage. Loaded Objects now: 1575.
Total: 2.312400 ms (FindLiveObjects: 0.277900 ms CreateObjectMapping: 0.071400 ms MarkObjects: 1.868500 ms  DeleteObjects: 0.092300 ms)

========================================================================
Received Prepare
Registering precompiled user dll's ...
Registered in 0.000895 seconds.
Begin MonoManager ReloadAssembly
Native extension for WindowsStandalone target not found
Native extension for WebGL target not found
Refreshing native plugins compatible for Editor in 0.25 ms, found 0 plugins.
Preloading 0 native plugins for Editor in 0.00 ms.
Invoked RoslynAnalysisRunner static constructor.
RoslynAnalysisRunner will not be running.
RoslynAnalysisRunner has terminated.
Mono: successfully reloaded assembly
- Completed reload, in  0.768 seconds
Platform modules already initialized, skipping
Refreshing native plugins compatible for Editor in 0.24 ms, found 0 plugins.
Preloading 0 native plugins for Editor in 0.00 ms.
Unloading 1114 Unused Serialized files (Serialized files now loaded: 0)
System memory in use before: 58.0 MB.
System memory in use after: 58.0 MB.

Unloading 5 unused Assets to reduce memory usage. Loaded Objects now: 1578.
Total: 2.073200 ms (FindLiveObjects: 0.229000 ms CreateObjectMapping: 0.051600 ms MarkObjects: 1.711500 ms  DeleteObjects: 0.079100 ms)

========================================================================
Received Prepare
Registering precompiled user dll's ...
Registered in 0.000916 seconds.
Begin MonoManager ReloadAssembly
Native extension for WindowsStandalone target not found
Native extension for WebGL target not found
Refreshing native plugins compatible for Editor in 0.26 ms, found 0 plugins.
Preloading 0 native plugins for Editor in 0.00 ms.
Invoked RoslynAnalysisRunner static constructor.
RoslynAnalysisRunner will not be running.
RoslynAnalysisRunner has terminated.
Mono: successfully reloaded assembly
- Completed reload, in  0.774 seconds
Platform modules already initialized, skipping
Refreshing native plugins compatible for Editor in 0.30 ms, found 0 plugins.
Preloading 0 native plugins for Editor in 0.00 ms.
Unloading 1114 Unused Serialized files (Serialized files now loaded: 0)
System memory in use before: 58.0 MB.
System memory in use after: 58.0 MB.

Unloading 5 unused Assets to reduce memory usage. Loaded Objects now: 1581.
Total: 1.818700 ms (FindLiveObjects: 0.233500 ms CreateObjectMapping: 0.029500 ms MarkObjects: 1.471800 ms  DeleteObjects: 0.082000 ms)

========================================================================
Received Import Request.
  Time since last request: 2607.012997 seconds.
  path: Assets/Prefabs/Player.prefab
  artifactKey: Guid(d83b878fa9fe0414c86fd86e0bf7a8ca) Importer(815301076,1909f56bfc062723c751e8b465ee728b)
Start importing Assets/Prefabs/Player.prefab using Guid(d83b878fa9fe0414c86fd86e0bf7a8ca) Importer(815301076,1909f56bfc062723c751e8b465ee728b)  -> (artifact id: '2fe218ada9b5a8a209d70c48d3bbd2c3') in 0.113684 seconds
  Import took 0.117132 seconds .

========================================================================
Received Import Request.
  Time since last request: 0.000291 seconds.
  path: Assets/New Folder/Player.prefab
  artifactKey: Guid(43e50023109411046a12091b0ead7a2f) Importer(815301076,1909f56bfc062723c751e8b465ee728b)
Start importing Assets/New Folder/Player.prefab using Guid(43e50023109411046a12091b0ead7a2f) Importer(815301076,1909f56bfc062723c751e8b465ee728b)  -> (artifact id: '453eaafb260d3031f09ad335a2a3e197') in 0.018284 seconds
  Import took 0.021208 seconds .

========================================================================
Received Import Request.
  Time since last request: 527.917710 seconds.
  path: Assets/Prefabs/Enemy.prefab
  artifactKey: Guid(5359e778865649b45935077d19f7c62a) Importer(815301076,1909f56bfc062723c751e8b465ee728b)
Start importing Assets/Prefabs/Enemy.prefab using Guid(5359e778865649b45935077d19f7c62a) Importer(815301076,1909f56bfc062723c751e8b465ee728b)  -> (artifact id: '4a0f05fef01af08a7babd60c4c6d4c70') in 0.022007 seconds
  Import took 0.025386 seconds .

========================================================================
Received Import Request.
  Time since last request: 0.002995 seconds.
  path: Assets/Prefabs/Enemy.prefab
  artifactKey: Guid(5359e778865649b45935077d19f7c62a) Importer(815301076,1909f56bfc062723c751e8b465ee728b)
Start importing Assets/Prefabs/Enemy.prefab using Guid(5359e778865649b45935077d19f7c62a) Importer(815301076,1909f56bfc062723c751e8b465ee728b)  -> (artifact id: '4a0f05fef01af08a7babd60c4c6d4c70') in 0.018986 seconds
  Import took 0.022720 seconds .

========================================================================
Received Import Request.
  Time since last request: 13.048921 seconds.
  path: Assets/Prefabs/Enemy.prefab
  artifactKey: Guid(5359e778865649b45935077d19f7c62a) Importer(815301076,1909f56bfc062723c751e8b465ee728b)
Start importing Assets/Prefabs/Enemy.prefab using Guid(5359e778865649b45935077d19f7c62a) Importer(815301076,1909f56bfc062723c751e8b465ee728b)  -> (artifact id: '72c29700f62de76cdc8bc185aeba7555') in 0.011470 seconds
  Import took 0.014615 seconds .

========================================================================
Received Import Request.
  Time since last request: 0.007310 seconds.
  path: Assets/Prefabs/Enemy.prefab
  artifactKey: Guid(5359e778865649b45935077d19f7c62a) Importer(815301076,1909f56bfc062723c751e8b465ee728b)
Start importing Assets/Prefabs/Enemy.prefab using Guid(5359e778865649b45935077d19f7c62a) Importer(815301076,1909f56bfc062723c751e8b465ee728b)  -> (artifact id: '72c29700f62de76cdc8bc185aeba7555') in 0.016158 seconds
  Import took 0.018820 seconds .

========================================================================
Received Prepare
Registering precompiled user dll's ...
Registered in 0.000866 seconds.
Begin MonoManager ReloadAssembly
Native extension for WindowsStandalone target not found
Native extension for WebGL target not found
Refreshing native plugins compatible for Editor in 0.26 ms, found 0 plugins.
Preloading 0 native plugins for Editor in 0.00 ms.
Invoked RoslynAnalysisRunner static constructor.
RoslynAnalysisRunner will not be running.
RoslynAnalysisRunner has terminated.
Mono: successfully reloaded assembly
- Completed reload, in  0.763 seconds
Platform modules already initialized, skipping
Refreshing native plugins compatible for Editor in 0.24 ms, found 0 plugins.
Preloading 0 native plugins for Editor in 0.00 ms.
Unloading 1114 Unused Serialized files (Serialized files now loaded: 0)
System memory in use before: 61.2 MB.
System memory in use after: 61.2 MB.

Unloading 5 unused Assets to reduce memory usage. Loaded Objects now: 1592.
Total: 3.730500 ms (FindLiveObjects: 0.444000 ms CreateObjectMapping: 0.089400 ms MarkObjects: 3.107300 ms  DeleteObjects: 0.087800 ms)

========================================================================
Received Import Request.
  Time since last request: 90.978389 seconds.
  path: Assets/Prefabs/Enemy.prefab
  artifactKey: Guid(5359e778865649b45935077d19f7c62a) Importer(815301076,1909f56bfc062723c751e8b465ee728b)
Start importing Assets/Prefabs/Enemy.prefab using Guid(5359e778865649b45935077d19f7c62a) Importer(815301076,1909f56bfc062723c751e8b465ee728b)  -> (artifact id: '852074d13757bad77c53e60b7d6d752c') in 0.063167 seconds
  Import took 0.066120 seconds .

========================================================================
Received Import Request.
  Time since last request: 149.330725 seconds.
  path: Assets/Scripts/Enemy.cs
  artifactKey: Guid(def0eb35ffe195e4baa79a54dce4b996) Importer(815301076,1909f56bfc062723c751e8b465ee728b)
Start importing Assets/Scripts/Enemy.cs using Guid(def0eb35ffe195e4baa79a54dce4b996) Importer(815301076,1909f56bfc062723c751e8b465ee728b)  -> (artifact id: 'aabd8e6a8aecd8d93f47582e9a42b2cc') in 0.003906 seconds
  Import took 0.041961 seconds .

========================================================================
Received Prepare
Registering precompiled user dll's ...
Registered in 0.001068 seconds.
Begin MonoManager ReloadAssembly
Native extension for WindowsStandalone target not found
Native extension for WebGL target not found
Refreshing native plugins compatible for Editor in 0.26 ms, found 0 plugins.
Preloading 0 native plugins for Editor in 0.00 ms.
Invoked RoslynAnalysisRunner static constructor.
RoslynAnalysisRunner will not be running.
RoslynAnalysisRunner has terminated.
Mono: successfully reloaded assembly
- Completed reload, in  0.769 seconds
Platform modules already initialized, skipping
Refreshing native plugins compatible for Editor in 0.26 ms, found 0 plugins.
Preloading 0 native plugins for Editor in 0.00 ms.
Unloading 1114 Unused Serialized files (Serialized files now loaded: 0)
System memory in use before: 61.2 MB.
System memory in use after: 61.3 MB.

Unloading 5 unused Assets to reduce memory usage. Loaded Objects now: 1596.
Total: 1.882500 ms (FindLiveObjects: 0.281600 ms CreateObjectMapping: 0.032000 ms MarkObjects: 1.486200 ms  DeleteObjects: 0.081000 ms)

========================================================================
Received Import Request.
  Time since last request: 33.098749 seconds.
  path: Assets/Scripts/Enemy.cs
  artifactKey: Guid(def0eb35ffe195e4baa79a54dce4b996) Importer(815301076,1909f56bfc062723c751e8b465ee728b)
Start importing Assets/Scripts/Enemy.cs using Guid(def0eb35ffe195e4baa79a54dce4b996) Importer(815301076,1909f56bfc062723c751e8b465ee728b)  -> (artifact id: '4692288ec1e04e2dca11487f2371d736') in 0.005781 seconds
  Import took 0.008631 seconds .

========================================================================
Received Import Request.
  Time since last request: 84.491702 seconds.
  path: Assets/Scripts/PlayerController.cs
  artifactKey: Guid(8f2f71319d625e04896307b68741a80e) Importer(815301076,1909f56bfc062723c751e8b465ee728b)
Start importing Assets/Scripts/PlayerController.cs using Guid(8f2f71319d625e04896307b68741a80e) Importer(815301076,1909f56bfc062723c751e8b465ee728b)  -> (artifact id: '086563250e3ea27a3c02ce1aa706cbb5') in 0.004184 seconds
  Import took 0.031165 seconds .

========================================================================
Received Prepare
Registering precompiled user dll's ...
Registered in 0.001396 seconds.
Begin MonoManager ReloadAssembly
Native extension for WindowsStandalone target not found
Native extension for WebGL target not found
Refreshing native plugins compatible for Editor in 0.26 ms, found 0 plugins.
Preloading 0 native plugins for Editor in 0.00 ms.
Invoked RoslynAnalysisRunner static constructor.
RoslynAnalysisRunner will not be running.
RoslynAnalysisRunner has terminated.
Mono: successfully reloaded assembly
- Completed reload, in  0.757 seconds
Platform modules already initialized, skipping
Refreshing native plugins compatible for Editor in 0.24 ms, found 0 plugins.
Preloading 0 native plugins for Editor in 0.00 ms.
Unloading 1114 Unused Serialized files (Serialized files now loaded: 0)
System memory in use before: 61.2 MB.
System memory in use after: 61.3 MB.

Unloading 5 unused Assets to reduce memory usage. Loaded Objects now: 1599.
Total: 3.212100 ms (FindLiveObjects: 0.379500 ms CreateObjectMapping: 0.075800 ms MarkObjects: 2.673400 ms  DeleteObjects: 0.081500 ms)

========================================================================
Received Import Request.
  Time since last request: 96.150555 seconds.
  path: Assets/Scripts/PlayerController.cs
  artifactKey: Guid(8f2f71319d625e04896307b68741a80e) Importer(815301076,1909f56bfc062723c751e8b465ee728b)
Start importing Assets/Scripts/PlayerController.cs using Guid(8f2f71319d625e04896307b68741a80e) Importer(815301076,1909f56bfc062723c751e8b465ee728b)  -> (artifact id: 'afd1023ace63ab62660f23f4c1d9bee6') in 0.005259 seconds
  Import took 0.008620 seconds .

========================================================================
Received Prepare
Registering precompiled user dll's ...
Registered in 0.000878 seconds.
Begin MonoManager ReloadAssembly
Native extension for WindowsStandalone target not found
Native extension for WebGL target not found
Refreshing native plugins compatible for Editor in 0.26 ms, found 0 plugins.
Preloading 0 native plugins for Editor in 0.00 ms.
Invoked RoslynAnalysisRunner static constructor.
RoslynAnalysisRunner will not be running.
RoslynAnalysisRunner has terminated.
Mono: successfully reloaded assembly
- Completed reload, in  0.746 seconds
Platform modules already initialized, skipping
Refreshing native plugins compatible for Editor in 0.25 ms, found 0 plugins.
Preloading 0 native plugins for Editor in 0.00 ms.
Unloading 1114 Unused Serialized files (Serialized files now loaded: 0)
System memory in use before: 61.2 MB.
System memory in use after: 61.3 MB.

Unloading 5 unused Assets to reduce memory usage. Loaded Objects now: 1602.
Total: 3.090500 ms (FindLiveObjects: 0.428700 ms CreateObjectMapping: 0.086500 ms MarkObjects: 2.489100 ms  DeleteObjects: 0.082700 ms)

========================================================================
Received Import Request.
  Time since last request: 265.066271 seconds.
  path: Assets/Course Library/_Source_Files/Materials/SimpleSky.mat
  artifactKey: Guid(e68f77e240a7f8643b5cc4253dc37516) Importer(815301076,1909f56bfc062723c751e8b465ee728b)
Start importing Assets/Course Library/_Source_Files/Materials/SimpleSky.mat using Guid(e68f77e240a7f8643b5cc4253dc37516) Importer(815301076,1909f56bfc062723c751e8b465ee728b)  -> (artifact id: 'c255053f8f2f717f3d818a110aba0931') in 0.084991 seconds
  Import took 0.087707 seconds .

========================================================================
Received Prepare
Registering precompiled user dll's ...
Registered in 0.000969 seconds.
Begin MonoManager ReloadAssembly
Native extension for WindowsStandalone target not found
Native extension for WebGL target not found
Refreshing native plugins compatible for Editor in 0.25 ms, found 0 plugins.
Preloading 0 native plugins for Editor in 0.00 ms.
Invoked RoslynAnalysisRunner static constructor.
RoslynAnalysisRunner will not be running.
RoslynAnalysisRunner has terminated.
Mono: successfully reloaded assembly
- Completed reload, in  0.762 seconds
Platform modules already initialized, skipping
Refreshing native plugins compatible for Editor in 0.25 ms, found 0 plugins.
Preloading 0 native plugins for Editor in 0.00 ms.
Unloading 1114 Unused Serialized files (Serialized files now loaded: 0)
System memory in use before: 61.4 MB.
System memory in use after: 61.5 MB.

Unloading 5 unused Assets to reduce memory usage. Loaded Objects now: 1639.
Total: 2.822100 ms (FindLiveObjects: 0.352700 ms CreateObjectMapping: 0.071300 ms MarkObjects: 2.319900 ms  DeleteObjects: 0.075900 ms)

========================================================================
Received Prepare
Registering precompiled user dll's ...
Registered in 0.001036 seconds.
Begin MonoManager ReloadAssembly
Native extension for WindowsStandalone target not found
Native extension for WebGL target not found
Refreshing native plugins compatible for Editor in 0.25 ms, found 0 plugins.
Preloading 0 native plugins for Editor in 0.00 ms.
Invoked RoslynAnalysisRunner static constructor.
RoslynAnalysisRunner will not be running.
RoslynAnalysisRunner has terminated.
Mono: successfully reloaded assembly
- Completed reload, in  0.721 seconds
Platform modules already initialized, skipping
Refreshing native plugins compatible for Editor in 0.26 ms, found 0 plugins.
Preloading 0 native plugins for Editor in 0.00 ms.
Unloading 1114 Unused Serialized files (Serialized files now loaded: 0)
System memory in use before: 61.4 MB.
System memory in use after: 61.5 MB.

Unloading 5 unused Assets to reduce memory usage. Loaded Objects now: 1642.
Total: 3.026600 ms (FindLiveObjects: 0.342800 ms CreateObjectMapping: 0.055700 ms MarkObjects: 2.542500 ms  DeleteObjects: 0.083700 ms)

========================================================================
Received Import Request.
  Time since last request: 425.825503 seconds.
  path: Assets/Prefabs/Enemy.prefab
  artifactKey: Guid(5359e778865649b45935077d19f7c62a) Importer(815301076,1909f56bfc062723c751e8b465ee728b)
Start importing Assets/Prefabs/Enemy.prefab using Guid(5359e778865649b45935077d19f7c62a) Importer(815301076,1909f56bfc062723c751e8b465ee728b)  -> (artifact id: '0df4c97a1614fa170a94e26a809ce274') in 0.058573 seconds
  Import took 0.062114 seconds .

========================================================================
Received Prepare
Registering precompiled user dll's ...
Registered in 0.001155 seconds.
Begin MonoManager ReloadAssembly
Native extension for WindowsStandalone target not found
Native extension for WebGL target not found
Refreshing native plugins compatible for Editor in 0.26 ms, found 0 plugins.
Preloading 0 native plugins for Editor in 0.00 ms.
Invoked RoslynAnalysisRunner static constructor.
RoslynAnalysisRunner will not be running.
RoslynAnalysisRunner has terminated.
Mono: successfully reloaded assembly
- Completed reload, in  0.739 seconds
Platform modules already initialized, skipping
Refreshing native plugins compatible for Editor in 0.24 ms, found 0 plugins.
Preloading 0 native plugins for Editor in 0.00 ms.
Unloading 1114 Unused Serialized files (Serialized files now loaded: 0)
System memory in use before: 61.5 MB.
System memory in use after: 61.5 MB.

Unloading 5 unused Assets to reduce memory usage. Loaded Objects now: 1646.
Total: 2.340000 ms (FindLiveObjects: 0.472300 ms CreateObjectMapping: 0.141000 ms MarkObjects: 1.643500 ms  DeleteObjects: 0.081600 ms)

========================================================================
Received Import Request.
  Time since last request: 294.125443 seconds.
  path: Assets/Physics material/Enemy.prefab
  artifactKey: Guid(c1f93ac7353aa4d49a146901346d7688) Importer(815301076,1909f56bfc062723c751e8b465ee728b)
Start importing Assets/Physics material/Enemy.prefab using Guid(c1f93ac7353aa4d49a146901346d7688) Importer(815301076,1909f56bfc062723c751e8b465ee728b)  -> (artifact id: 'a5ba45c1b2b1518fa2e8c5b235af9b2f') in 0.066645 seconds
  Import took 0.070219 seconds .

========================================================================
Received Import Request.
  Time since last request: 2.037152 seconds.
  path: Assets/Physics material/Enemy.prefab
  artifactKey: Guid(c1f93ac7353aa4d49a146901346d7688) Importer(815301076,1909f56bfc062723c751e8b465ee728b)
Start importing Assets/Physics material/Enemy.prefab using Guid(c1f93ac7353aa4d49a146901346d7688) Importer(815301076,1909f56bfc062723c751e8b465ee728b)  -> (artifact id: 'cec2d02740358824cd69c70163484e10') in 0.013808 seconds
  Import took 0.017424 seconds .

========================================================================
Received Import Request.
  Time since last request: 0.020169 seconds.
  path: Assets/Physics material/Enemy.prefab
  artifactKey: Guid(c1f93ac7353aa4d49a146901346d7688) Importer(815301076,1909f56bfc062723c751e8b465ee728b)
Start importing Assets/Physics material/Enemy.prefab using Guid(c1f93ac7353aa4d49a146901346d7688) Importer(815301076,1909f56bfc062723c751e8b465ee728b)  -> (artifact id: 'cec2d02740358824cd69c70163484e10') in 0.011368 seconds
  Import took 0.013706 seconds .

========================================================================
Received Import Request.
  Time since last request: 24.238836 seconds.
  path: Assets/Physics material/Enemy.prefab
  artifactKey: Guid(c1f93ac7353aa4d49a146901346d7688) Importer(815301076,1909f56bfc062723c751e8b465ee728b)
Start importing Assets/Physics material/Enemy.prefab using Guid(c1f93ac7353aa4d49a146901346d7688) Importer(815301076,1909f56bfc062723c751e8b465ee728b)  -> (artifact id: 'bd6540e735f1bb9cd6ddb71c304ca4e4') in 0.015889 seconds
  Import took 0.019253 seconds .

========================================================================
Received Prepare
Registering precompiled user dll's ...
Registered in 0.000883 seconds.
Begin MonoManager ReloadAssembly
Native extension for WindowsStandalone target not found
Native extension for WebGL target not found
Refreshing native plugins compatible for Editor in 0.25 ms, found 0 plugins.
Preloading 0 native plugins for Editor in 0.00 ms.
Invoked RoslynAnalysisRunner static constructor.
RoslynAnalysisRunner will not be running.
RoslynAnalysisRunner has terminated.
Mono: successfully reloaded assembly
- Completed reload, in  0.765 seconds
Platform modules already initialized, skipping
Refreshing native plugins compatible for Editor in 0.31 ms, found 0 plugins.
Preloading 0 native plugins for Editor in 0.00 ms.
Unloading 1114 Unused Serialized files (Serialized files now loaded: 0)
System memory in use before: 61.5 MB.
System memory in use after: 61.5 MB.

Unloading 5 unused Assets to reduce memory usage. Loaded Objects now: 1650.
Total: 3.415600 ms (FindLiveObjects: 0.247000 ms CreateObjectMapping: 0.036600 ms MarkObjects: 3.041700 ms  DeleteObjects: 0.088600 ms)

========================================================================
Received Import Request.
  Time since last request: 9.325374 seconds.
  path: Assets/Physics material/Enemy.prefab
  artifactKey: Guid(c1f93ac7353aa4d49a146901346d7688) Importer(815301076,1909f56bfc062723c751e8b465ee728b)
Start importing Assets/Physics material/Enemy.prefab using Guid(c1f93ac7353aa4d49a146901346d7688) Importer(815301076,1909f56bfc062723c751e8b465ee728b)  -> (artifact id: 'e03e927062b73599a499f88653007a48') in 0.064119 seconds
  Import took 0.093954 seconds .

========================================================================
Received Prepare
Registering precompiled user dll's ...
Registered in 0.000933 seconds.
Begin MonoManager ReloadAssembly
Native extension for WindowsStandalone target not found
Native extension for WebGL target not found
Refreshing native plugins compatible for Editor in 0.25 ms, found 0 plugins.
Preloading 0 native plugins for Editor in 0.00 ms.
Invoked RoslynAnalysisRunner static constructor.
RoslynAnalysisRunner will not be running.
RoslynAnalysisRunner has terminated.
Mono: successfully reloaded assembly
- Completed reload, in  0.736 seconds
Platform modules already initialized, skipping
Refreshing native plugins compatible for Editor in 0.25 ms, found 0 plugins.
Preloading 0 native plugins for Editor in 0.00 ms.
Unloading 1114 Unused Serialized files (Serialized files now loaded: 0)
System memory in use before: 61.5 MB.
System memory in use after: 61.6 MB.

Unloading 5 unused Assets to reduce memory usage. Loaded Objects now: 1654.
Total: 2.651000 ms (FindLiveObjects: 0.353600 ms CreateObjectMapping: 0.080100 ms MarkObjects: 2.137900 ms  DeleteObjects: 0.077400 ms)

========================================================================
Received Prepare
Registering precompiled user dll's ...
Registered in 0.000885 seconds.
Begin MonoManager ReloadAssembly
Native extension for WindowsStandalone target not found
Native extension for WebGL target not found
Refreshing native plugins compatible for Editor in 0.25 ms, found 0 plugins.
Preloading 0 native plugins for Editor in 0.00 ms.
Invoked RoslynAnalysisRunner static constructor.
RoslynAnalysisRunner will not be running.
RoslynAnalysisRunner has terminated.
Mono: successfully reloaded assembly
- Completed reload, in  0.741 seconds
Platform modules already initialized, skipping
Refreshing native plugins compatible for Editor in 0.25 ms, found 0 plugins.
Preloading 0 native plugins for Editor in 0.00 ms.
Unloading 1114 Unused Serialized files (Serialized files now loaded: 0)
System memory in use before: 61.5 MB.
System memory in use after: 61.6 MB.

Unloading 5 unused Assets to reduce memory usage. Loaded Objects now: 1657.
Total: 2.815800 ms (FindLiveObjects: 0.240800 ms CreateObjectMapping: 0.054300 ms MarkObjects: 2.439500 ms  DeleteObjects: 0.079800 ms)

========================================================================
Received Import Request.
  Time since last request: 269.821946 seconds.
  path: Assets/Prefabs/Enemy.prefab
  artifactKey: Guid(5359e778865649b45935077d19f7c62a) Importer(815301076,1909f56bfc062723c751e8b465ee728b)
Start importing Assets/Prefabs/Enemy.prefab using Guid(5359e778865649b45935077d19f7c62a) Importer(815301076,1909f56bfc062723c751e8b465ee728b)  -> (artifact id: '2a788c0a0a9907292705fb8163361bb3') in 0.054605 seconds
  Import took 0.079259 seconds .

========================================================================
Received Prepare
Registering precompiled user dll's ...
Registered in 0.001765 seconds.
Begin MonoManager ReloadAssembly
Native extension for WindowsStandalone target not found
Native extension for WebGL target not found
Refreshing native plugins compatible for Editor in 0.41 ms, found 0 plugins.
Preloading 0 native plugins for Editor in 0.00 ms.
Invoked RoslynAnalysisRunner static constructor.
RoslynAnalysisRunner will not be running.
RoslynAnalysisRunner has terminated.
Mono: successfully reloaded assembly
- Completed reload, in  0.748 seconds
Platform modules already initialized, skipping
Refreshing native plugins compatible for Editor in 0.26 ms, found 0 plugins.
Preloading 0 native plugins for Editor in 0.00 ms.
Unloading 1114 Unused Serialized files (Serialized files now loaded: 0)
System memory in use before: 61.5 MB.
System memory in use after: 61.6 MB.

Unloading 5 unused Assets to reduce memory usage. Loaded Objects now: 1661.
Total: 2.595800 ms (FindLiveObjects: 0.237000 ms CreateObjectMapping: 0.041100 ms MarkObjects: 2.233900 ms  DeleteObjects: 0.082900 ms)

========================================================================
Received Import Request.
  Time since last request: 24.183527 seconds.
  path: Assets/Prefabs/Enemy.prefab
  artifactKey: Guid(5359e778865649b45935077d19f7c62a) Importer(815301076,1909f56bfc062723c751e8b465ee728b)
Start importing Assets/Prefabs/Enemy.prefab using Guid(5359e778865649b45935077d19f7c62a) Importer(815301076,1909f56bfc062723c751e8b465ee728b)  -> (artifact id: 'fe35fbd9154ea9d25a50913a0fbf7c6d') in 0.054217 seconds
  Import took 0.081312 seconds .

========================================================================
Received Prepare
Registering precompiled user dll's ...
Registered in 0.000874 seconds.
Begin MonoManager ReloadAssembly
Native extension for WindowsStandalone target not found
Native extension for WebGL target not found
Refreshing native plugins compatible for Editor in 0.28 ms, found 0 plugins.
Preloading 0 native plugins for Editor in 0.00 ms.
Invoked RoslynAnalysisRunner static constructor.
RoslynAnalysisRunner will not be running.
RoslynAnalysisRunner has terminated.
Mono: successfully reloaded assembly
- Completed reload, in  0.786 seconds
Platform modules already initialized, skipping
Refreshing native plugins compatible for Editor in 0.24 ms, found 0 plugins.
Preloading 0 native plugins for Editor in 0.00 ms.
Unloading 1114 Unused Serialized files (Serialized files now loaded: 0)
System memory in use before: 61.5 MB.
System memory in use after: 61.6 MB.

Unloading 5 unused Assets to reduce memory usage. Loaded Objects now: 1665.
Total: 3.003800 ms (FindLiveObjects: 0.247800 ms CreateObjectMapping: 0.036700 ms MarkObjects: 2.618100 ms  DeleteObjects: 0.097800 ms)

========================================================================
Received Import Request.
  Time since last request: 11.227406 seconds.
  path: Assets/Prefabs/Enemy.prefab
  artifactKey: Guid(5359e778865649b45935077d19f7c62a) Importer(815301076,1909f56bfc062723c751e8b465ee728b)
Start importing Assets/Prefabs/Enemy.prefab using Guid(5359e778865649b45935077d19f7c62a) Importer(815301076,1909f56bfc062723c751e8b465ee728b)  -> (artifact id: '769e76cacb8ce3e11ba525fc60f76eeb') in 0.064249 seconds
  Import took 0.085306 seconds .

========================================================================
Received Prepare
Registering precompiled user dll's ...
Registered in 0.000886 seconds.
Begin MonoManager ReloadAssembly
Native extension for WindowsStandalone target not found
Native extension for WebGL target not found
Refreshing native plugins compatible for Editor in 0.26 ms, found 0 plugins.
Preloading 0 native plugins for Editor in 0.00 ms.
Invoked RoslynAnalysisRunner static constructor.
RoslynAnalysisRunner will not be running.
RoslynAnalysisRunner has terminated.
Mono: successfully reloaded assembly
- Completed reload, in  0.771 seconds
Platform modules already initialized, skipping
Refreshing native plugins compatible for Editor in 0.56 ms, found 0 plugins.
Preloading 0 native plugins for Editor in 0.00 ms.
Unloading 1114 Unused Serialized files (Serialized files now loaded: 0)
System memory in use before: 61.5 MB.
System memory in use after: 61.6 MB.

Unloading 5 unused Assets to reduce memory usage. Loaded Objects now: 1669.
Total: 2.022900 ms (FindLiveObjects: 0.278700 ms CreateObjectMapping: 0.072300 ms MarkObjects: 1.590100 ms  DeleteObjects: 0.080200 ms)

========================================================================
Received Prepare
Registering precompiled user dll's ...
Registered in 0.000893 seconds.
Begin MonoManager ReloadAssembly
Native extension for WindowsStandalone target not found
Native extension for WebGL target not found
Refreshing native plugins compatible for Editor in 0.26 ms, found 0 plugins.
Preloading 0 native plugins for Editor in 0.00 ms.
Invoked RoslynAnalysisRunner static constructor.
RoslynAnalysisRunner will not be running.
RoslynAnalysisRunner has terminated.
Mono: successfully reloaded assembly
- Completed reload, in  0.794 seconds
Platform modules already initialized, skipping
Refreshing native plugins compatible for Editor in 0.34 ms, found 0 plugins.
Preloading 0 native plugins for Editor in 0.00 ms.
Unloading 1114 Unused Serialized files (Serialized files now loaded: 0)
System memory in use before: 61.5 MB.
System memory in use after: 61.6 MB.

Unloading 5 unused Assets to reduce memory usage. Loaded Objects now: 1672.
Total: 2.512200 ms (FindLiveObjects: 0.332300 ms CreateObjectMapping: 0.240900 ms MarkObjects: 1.850900 ms  DeleteObjects: 0.086600 ms)

========================================================================
Received Prepare
Registering precompiled user dll's ...
Registered in 0.000899 seconds.
Begin MonoManager ReloadAssembly
Native extension for WindowsStandalone target not found
Native extension for WebGL target not found
Refreshing native plugins compatible for Editor in 0.25 ms, found 0 plugins.
Preloading 0 native plugins for Editor in 0.00 ms.
Invoked RoslynAnalysisRunner static constructor.
RoslynAnalysisRunner will not be running.
RoslynAnalysisRunner has terminated.
Mono: successfully reloaded assembly
- Completed reload, in  0.762 seconds
Platform modules already initialized, skipping
Refreshing native plugins compatible for Editor in 0.30 ms, found 0 plugins.
Preloading 0 native plugins for Editor in 0.00 ms.
Unloading 1114 Unused Serialized files (Serialized files now loaded: 0)
System memory in use before: 61.6 MB.
System memory in use after: 61.7 MB.

Unloading 5 unused Assets to reduce memory usage. Loaded Objects now: 1675.
Total: 2.313600 ms (FindLiveObjects: 0.304000 ms CreateObjectMapping: 0.070400 ms MarkObjects: 1.870100 ms  DeleteObjects: 0.066800 ms)

========================================================================
Received Prepare
Registering precompiled user dll's ...
Registered in 0.000845 seconds.
Begin MonoManager ReloadAssembly
Native extension for WindowsStandalone target not found
Native extension for WebGL target not found
Refreshing native plugins compatible for Editor in 0.25 ms, found 0 plugins.
Preloading 0 native plugins for Editor in 0.00 ms.
Invoked RoslynAnalysisRunner static constructor.
RoslynAnalysisRunner will not be running.
RoslynAnalysisRunner has terminated.
Mono: successfully reloaded assembly
- Completed reload, in  0.760 seconds
Platform modules already initialized, skipping
Refreshing native plugins compatible for Editor in 0.25 ms, found 0 plugins.
Preloading 0 native plugins for Editor in 0.00 ms.
Unloading 1114 Unused Serialized files (Serialized files now loaded: 0)
System memory in use before: 61.6 MB.
System memory in use after: 61.7 MB.

Unloading 5 unused Assets to reduce memory usage. Loaded Objects now: 1678.
Total: 2.913300 ms (FindLiveObjects: 0.298800 ms CreateObjectMapping: 0.069800 ms MarkObjects: 2.478200 ms  DeleteObjects: 0.064000 ms)

========================================================================
Received Prepare
Registering precompiled user dll's ...
Registered in 0.001014 seconds.
Begin MonoManager ReloadAssembly
Native extension for WindowsStandalone target not found
Native extension for WebGL target not found
Refreshing native plugins compatible for Editor in 0.26 ms, found 0 plugins.
Preloading 0 native plugins for Editor in 0.00 ms.
Invoked RoslynAnalysisRunner static constructor.
RoslynAnalysisRunner will not be running.
RoslynAnalysisRunner has terminated.
Mono: successfully reloaded assembly
- Completed reload, in  0.731 seconds
Platform modules already initialized, skipping
Refreshing native plugins compatible for Editor in 0.24 ms, found 0 plugins.
Preloading 0 native plugins for Editor in 0.00 ms.
Unloading 1114 Unused Serialized files (Serialized files now loaded: 0)
System memory in use before: 61.6 MB.
System memory in use after: 61.7 MB.

Unloading 5 unused Assets to reduce memory usage. Loaded Objects now: 1681.
Total: 2.337300 ms (FindLiveObjects: 0.288300 ms CreateObjectMapping: 0.069800 ms MarkObjects: 1.912500 ms  DeleteObjects: 0.063600 ms)

========================================================================
Received Prepare
Registering precompiled user dll's ...
Registered in 0.001139 seconds.
Begin MonoManager ReloadAssembly
Native extension for WindowsStandalone target not found
Native extension for WebGL target not found
Refreshing native plugins compatible for Editor in 0.26 ms, found 0 plugins.
Preloading 0 native plugins for Editor in 0.00 ms.
Invoked RoslynAnalysisRunner static constructor.
RoslynAnalysisRunner will not be running.
RoslynAnalysisRunner has terminated.
Mono: successfully reloaded assembly
- Completed reload, in  0.746 seconds
Platform modules already initialized, skipping
Refreshing native plugins compatible for Editor in 0.27 ms, found 0 plugins.
Preloading 0 native plugins for Editor in 0.00 ms.
Unloading 1114 Unused Serialized files (Serialized files now loaded: 0)
System memory in use before: 61.6 MB.
System memory in use after: 61.7 MB.

Unloading 5 unused Assets to reduce memory usage. Loaded Objects now: 1684.
Total: 2.148800 ms (FindLiveObjects: 0.280500 ms CreateObjectMapping: 0.070500 ms MarkObjects: 1.733100 ms  DeleteObjects: 0.062800 ms)

AssetImportWorkerClient::OnTransportError - code=2 error=End of file
